2024-12-19T23:46:59.366-05:00  INFO 5308 --- [ticketing-reimbursement] [restartedMain] c.e.t.TicketingReimbursementApplication  : Starting TicketingReimbursementApplication using Java 23.0.1 with PID 5308 (C:\Users\seale\dev\Java-Full-Stack-Training\projects\ticketing-reimbursement\target\classes started by seale in C:\Users\seale\dev\Java-Full-Stack-Training\projects\ticketing-reimbursement)
2024-12-19T23:46:59.367-05:00  INFO 5308 --- [ticketing-reimbursement] [restartedMain] c.e.t.TicketingReimbursementApplication  : No active profile set, falling back to 1 default profile: "default"
2024-12-19T23:46:59.530-05:00  INFO 5308 --- [ticketing-reimbursement] [restartedMain] .s.d.r.c.RepositoryConfigurationDelegate : Bootstrapping Spring Data JPA repositories in DEFAULT mode.
2024-12-19T23:46:59.534-05:00  INFO 5308 --- [ticketing-reimbursement] [restartedMain] .s.d.r.c.RepositoryConfigurationDelegate : Finished Spring Data repository scanning in 8 ms. Found 2 JPA repository interfaces.
2024-12-19T23:46:59.603-05:00  INFO 5308 --- [ticketing-reimbursement] [restartedMain] o.s.b.w.embedded.tomcat.TomcatWebServer  : Tomcat initialized with port 8080 (http)
2024-12-19T23:46:59.603-05:00  INFO 5308 --- [ticketing-reimbursement] [restartedMain] o.apache.catalina.core.StandardService   : Starting service [Tomcat]
2024-12-19T23:46:59.603-05:00  INFO 5308 --- [ticketing-reimbursement] [restartedMain] o.apache.catalina.core.StandardEngine    : Starting Servlet engine: [Apache Tomcat/10.1.33]
2024-12-19T23:46:59.624-05:00  INFO 5308 --- [ticketing-reimbursement] [restartedMain] o.a.c.c.C.[Tomcat-3].[localhost].[/]     : Initializing Spring embedded WebApplicationContext
2024-12-19T23:46:59.625-05:00  INFO 5308 --- [ticketing-reimbursement] [restartedMain] w.s.c.ServletWebServerApplicationContext : Root WebApplicationContext: initialization completed in 256 ms
2024-12-19T23:46:59.637-05:00  INFO 5308 --- [ticketing-reimbursement] [restartedMain] com.zaxxer.hikari.HikariDataSource       : HikariPool-29 - Starting...
2024-12-19T23:47:00.198-05:00  INFO 5308 --- [ticketing-reimbursement] [restartedMain] com.zaxxer.hikari.pool.HikariPool        : HikariPool-29 - Added connection org.postgresql.jdbc.PgConnection@2a422f21
2024-12-19T23:47:00.199-05:00  INFO 5308 --- [ticketing-reimbursement] [restartedMain] com.zaxxer.hikari.HikariDataSource       : HikariPool-29 - Start completed.
2024-12-19T23:47:00.199-05:00  INFO 5308 --- [ticketing-reimbursement] [restartedMain] o.s.b.a.h2.H2ConsoleAutoConfiguration    : H2 console available at '/h2-console'. Database available at 'jdbc:postgresql://database-1.cvqow4i6m9e3.us-east-2.rds.amazonaws.com:5432/postgres'
2024-12-19T23:47:00.219-05:00  INFO 5308 --- [ticketing-reimbursement] [restartedMain] o.hibernate.jpa.internal.util.LogHelper  : HHH000204: Processing PersistenceUnitInfo [name: default]
2024-12-19T23:47:00.220-05:00  INFO 5308 --- [ticketing-reimbursement] [restartedMain] o.h.c.internal.RegionFactoryInitiator    : HHH000026: Second-level cache disabled
2024-12-19T23:47:00.220-05:00  INFO 5308 --- [ticketing-reimbursement] [restartedMain] o.s.o.j.p.SpringPersistenceUnitInfo      : No LoadTimeWeaver setup: ignoring JPA class transformer
2024-12-19T23:47:00.333-05:00  WARN 5308 --- [ticketing-reimbursement] [restartedMain] org.hibernate.orm.deprecation            : HHH90000025: PostgreSQLDialect does not need to be specified explicitly using 'hibernate.dialect' (remove the property setting and it will be selected by default)
2024-12-19T23:47:00.467-05:00  INFO 5308 --- [ticketing-reimbursement] [restartedMain] org.hibernate.orm.connections.pooling    : HHH10001005: Database info:
	Database JDBC URL [Connecting through datasource 'HikariDataSource (HikariPool-29)']
	Database driver: undefined/unknown
	Database version: 16.3
	Autocommit mode: undefined/unknown
	Isolation level: undefined/unknown
	Minimum pool size: undefined/unknown
	Maximum pool size: undefined/unknown
2024-12-19T23:47:00.566-05:00  INFO 5308 --- [ticketing-reimbursement] [restartedMain] o.h.e.t.j.p.i.JtaPlatformInitiator       : HHH000489: No JTA platform available (set 'hibernate.transaction.jta.platform' to enable JTA platform integration)
2024-12-19T23:47:00.816-05:00  INFO 5308 --- [ticketing-reimbursement] [restartedMain] j.LocalContainerEntityManagerFactoryBean : Initialized JPA EntityManagerFactory for persistence unit 'default'
2024-12-19T23:47:00.880-05:00  WARN 5308 --- [ticketing-reimbursement] [restartedMain] JpaBaseConfiguration$JpaWebConfiguration : spring.jpa.open-in-view is enabled by default. Therefore, database queries may be performed during view rendering. Explicitly configure spring.jpa.open-in-view to disable this warning
2024-12-19T23:47:01.025-05:00  INFO 5308 --- [ticketing-reimbursement] [restartedMain] o.s.b.d.a.OptionalLiveReloadServer       : LiveReload server is running on port 35729
2024-12-19T23:47:01.034-05:00  INFO 5308 --- [ticketing-reimbursement] [restartedMain] o.s.b.w.embedded.tomcat.TomcatWebServer  : Tomcat started on port 8080 (http) with context path '/'
2024-12-19T23:47:01.037-05:00  INFO 5308 --- [ticketing-reimbursement] [restartedMain] c.e.t.TicketingReimbursementApplication  : Started TicketingReimbursementApplication in 1.722 seconds (process running for 4773.255)
2024-12-19T23:47:01.038-05:00  INFO 5308 --- [ticketing-reimbursement] [restartedMain] .ConditionEvaluationDeltaLoggingListener : Condition evaluation unchanged
2024-12-19T23:47:15.826-05:00  INFO 5308 --- [ticketing-reimbursement] [http-nio-8080-exec-1] o.a.c.c.C.[Tomcat-3].[localhost].[/]     : Initializing Spring DispatcherServlet 'dispatcherServlet'
2024-12-19T23:47:15.826-05:00  INFO 5308 --- [ticketing-reimbursement] [http-nio-8080-exec-1] o.s.web.servlet.DispatcherServlet        : Initializing Servlet 'dispatcherServlet'
2024-12-19T23:47:15.826-05:00  INFO 5308 --- [ticketing-reimbursement] [http-nio-8080-exec-1] o.s.web.servlet.DispatcherServlet        : Completed initialization in 0 ms
2024-12-19T23:49:23.405-05:00  INFO 5308 --- [ticketing-reimbursement] [SpringApplicationShutdownHook] o.s.b.w.e.tomcat.GracefulShutdown        : Commencing graceful shutdown. Waiting for active requests to complete
2024-12-19T23:49:23.418-05:00  INFO 5308 --- [ticketing-reimbursement] [tomcat-shutdown] o.s.b.w.e.tomcat.GracefulShutdown        : Graceful shutdown complete
2024-12-19T23:49:23.419-05:00  INFO 5308 --- [ticketing-reimbursement] [SpringApplicationShutdownHook] j.LocalContainerEntityManagerFactoryBean : Closing JPA EntityManagerFactory for persistence unit 'default'
2024-12-19T23:49:23.419-05:00  INFO 5308 --- [ticketing-reimbursement] [SpringApplicationShutdownHook] com.zaxxer.hikari.HikariDataSource       : HikariPool-29 - Shutdown initiated...
2024-12-19T23:49:23.763-05:00  INFO 5308 --- [ticketing-reimbursement] [SpringApplicationShutdownHook] com.zaxxer.hikari.HikariDataSource       : HikariPool-29 - Shutdown completed.
2024-12-19T23:49:58.249-05:00  INFO 19312 --- [ticketing-reimbursement] [restartedMain] c.e.t.TicketingReimbursementApplication  : Starting TicketingReimbursementApplication using Java 23.0.1 with PID 19312 (C:\Users\seale\dev\Java-Full-Stack-Training\projects\ticketing-reimbursement\target\classes started by seale in C:\Users\seale\dev\Java-Full-Stack-Training\projects\ticketing-reimbursement)
2024-12-19T23:49:58.249-05:00  INFO 19312 --- [ticketing-reimbursement] [restartedMain] c.e.t.TicketingReimbursementApplication  : No active profile set, falling back to 1 default profile: "default"
2024-12-19T23:49:58.311-05:00  INFO 19312 --- [ticketing-reimbursement] [restartedMain] .e.DevToolsPropertyDefaultsPostProcessor : Devtools property defaults active! Set 'spring.devtools.add-properties' to 'false' to disable
2024-12-19T23:49:58.311-05:00  INFO 19312 --- [ticketing-reimbursement] [restartedMain] .e.DevToolsPropertyDefaultsPostProcessor : For additional web related logging consider setting the 'logging.level.web' property to 'DEBUG'
2024-12-19T23:49:58.934-05:00  INFO 19312 --- [ticketing-reimbursement] [restartedMain] .s.d.r.c.RepositoryConfigurationDelegate : Bootstrapping Spring Data JPA repositories in DEFAULT mode.
2024-12-19T23:49:58.995-05:00  INFO 19312 --- [ticketing-reimbursement] [restartedMain] .s.d.r.c.RepositoryConfigurationDelegate : Finished Spring Data repository scanning in 53 ms. Found 2 JPA repository interfaces.
2024-12-19T23:49:59.467-05:00  INFO 19312 --- [ticketing-reimbursement] [restartedMain] o.s.b.w.embedded.tomcat.TomcatWebServer  : Tomcat initialized with port 8080 (http)
2024-12-19T23:49:59.486-05:00  INFO 19312 --- [ticketing-reimbursement] [restartedMain] o.apache.catalina.core.StandardService   : Starting service [Tomcat]
2024-12-19T23:49:59.488-05:00  INFO 19312 --- [ticketing-reimbursement] [restartedMain] o.apache.catalina.core.StandardEngine    : Starting Servlet engine: [Apache Tomcat/10.1.33]
2024-12-19T23:49:59.532-05:00  INFO 19312 --- [ticketing-reimbursement] [restartedMain] o.a.c.c.C.[Tomcat].[localhost].[/]       : Initializing Spring embedded WebApplicationContext
2024-12-19T23:49:59.533-05:00  INFO 19312 --- [ticketing-reimbursement] [restartedMain] w.s.c.ServletWebServerApplicationContext : Root WebApplicationContext: initialization completed in 1222 ms
2024-12-19T23:49:59.565-05:00  INFO 19312 --- [ticketing-reimbursement] [restartedMain] com.zaxxer.hikari.HikariDataSource       : HikariPool-1 - Starting...
2024-12-19T23:50:00.252-05:00  INFO 19312 --- [ticketing-reimbursement] [restartedMain] com.zaxxer.hikari.pool.HikariPool        : HikariPool-1 - Added connection org.postgresql.jdbc.PgConnection@538cd9ac
2024-12-19T23:50:00.268-05:00  INFO 19312 --- [ticketing-reimbursement] [restartedMain] com.zaxxer.hikari.HikariDataSource       : HikariPool-1 - Start completed.
2024-12-19T23:50:00.275-05:00  INFO 19312 --- [ticketing-reimbursement] [restartedMain] o.s.b.a.h2.H2ConsoleAutoConfiguration    : H2 console available at '/h2-console'. Database available at 'jdbc:postgresql://database-1.cvqow4i6m9e3.us-east-2.rds.amazonaws.com:5432/postgres'
2024-12-19T23:50:00.378-05:00  INFO 19312 --- [ticketing-reimbursement] [restartedMain] o.hibernate.jpa.internal.util.LogHelper  : HHH000204: Processing PersistenceUnitInfo [name: default]
2024-12-19T23:50:00.421-05:00  INFO 19312 --- [ticketing-reimbursement] [restartedMain] org.hibernate.Version                    : HHH000412: Hibernate ORM core version 6.6.2.Final
2024-12-19T23:50:00.449-05:00  INFO 19312 --- [ticketing-reimbursement] [restartedMain] o.h.c.internal.RegionFactoryInitiator    : HHH000026: Second-level cache disabled
2024-12-19T23:50:00.655-05:00  INFO 19312 --- [ticketing-reimbursement] [restartedMain] o.s.o.j.p.SpringPersistenceUnitInfo      : No LoadTimeWeaver setup: ignoring JPA class transformer
2024-12-19T23:50:00.760-05:00  WARN 19312 --- [ticketing-reimbursement] [restartedMain] org.hibernate.orm.deprecation            : HHH90000025: PostgreSQLDialect does not need to be specified explicitly using 'hibernate.dialect' (remove the property setting and it will be selected by default)
2024-12-19T23:50:00.876-05:00  INFO 19312 --- [ticketing-reimbursement] [restartedMain] org.hibernate.orm.connections.pooling    : HHH10001005: Database info:
	Database JDBC URL [Connecting through datasource 'HikariDataSource (HikariPool-1)']
	Database driver: undefined/unknown
	Database version: 16.3
	Autocommit mode: undefined/unknown
	Isolation level: undefined/unknown
	Minimum pool size: undefined/unknown
	Maximum pool size: undefined/unknown
2024-12-19T23:50:01.570-05:00  INFO 19312 --- [ticketing-reimbursement] [restartedMain] o.h.e.t.j.p.i.JtaPlatformInitiator       : HHH000489: No JTA platform available (set 'hibernate.transaction.jta.platform' to enable JTA platform integration)
2024-12-19T23:50:01.755-05:00  INFO 19312 --- [ticketing-reimbursement] [restartedMain] j.LocalContainerEntityManagerFactoryBean : Initialized JPA EntityManagerFactory for persistence unit 'default'
2024-12-19T23:50:02.053-05:00  WARN 19312 --- [ticketing-reimbursement] [restartedMain] JpaBaseConfiguration$JpaWebConfiguration : spring.jpa.open-in-view is enabled by default. Therefore, database queries may be performed during view rendering. Explicitly configure spring.jpa.open-in-view to disable this warning
2024-12-19T23:50:02.313-05:00  INFO 19312 --- [ticketing-reimbursement] [restartedMain] o.s.b.d.a.OptionalLiveReloadServer       : LiveReload server is running on port 35729
2024-12-19T23:50:02.328-05:00  INFO 19312 --- [ticketing-reimbursement] [restartedMain] o.s.b.w.embedded.tomcat.TomcatWebServer  : Tomcat started on port 8080 (http) with context path '/'
2024-12-19T23:50:02.348-05:00  INFO 19312 --- [ticketing-reimbursement] [restartedMain] c.e.t.TicketingReimbursementApplication  : Started TicketingReimbursementApplication in 4.512 seconds (process running for 4.864)
2024-12-19T23:51:30.445-05:00  INFO 19312 --- [ticketing-reimbursement] [File Watcher] rtingClassPathChangeChangedEventListener : Restarting due to 1 class path change (0 additions, 0 deletions, 1 modification)
2024-12-19T23:51:30.445-05:00  INFO 19312 --- [ticketing-reimbursement] [Thread-5] o.s.b.w.e.tomcat.GracefulShutdown        : Commencing graceful shutdown. Waiting for active requests to complete
2024-12-19T23:51:30.459-05:00  INFO 19312 --- [ticketing-reimbursement] [tomcat-shutdown] o.s.b.w.e.tomcat.GracefulShutdown        : Graceful shutdown complete
2024-12-19T23:51:30.463-05:00  INFO 19312 --- [ticketing-reimbursement] [Thread-5] j.LocalContainerEntityManagerFactoryBean : Closing JPA EntityManagerFactory for persistence unit 'default'
2024-12-19T23:51:30.465-05:00  INFO 19312 --- [ticketing-reimbursement] [Thread-5] com.zaxxer.hikari.HikariDataSource       : HikariPool-1 - Shutdown initiated...
2024-12-19T23:51:30.872-05:00  INFO 19312 --- [ticketing-reimbursement] [Thread-5] com.zaxxer.hikari.HikariDataSource       : HikariPool-1 - Shutdown completed.
